Performing C SOURCE FILE Test CMAKE_HAVE_LIBC_PTHREAD failed with the following output:
Change Dir: /home/yiheng/Projects/USV_realtime_map/fiesta/build/CMakeFiles/CMakeScratch/TryCompile-HtrEDG

Run Build Command(s):/usr/bin/make -f Makefile cmTC_ee6c5/fast && /usr/bin/make  -f CMakeFiles/cmTC_ee6c5.dir/build.make CMakeFiles/cmTC_ee6c5.dir/build
make[1]: Entering directory '/home/yiheng/Projects/USV_realtime_map/fiesta/build/CMakeFiles/CMakeScratch/TryCompile-HtrEDG'
Building C object CMakeFiles/cmTC_ee6c5.dir/src.c.o
/usr/bin/cc -DCMAKE_HAVE_LIBC_PTHREAD   -o CMakeFiles/cmTC_ee6c5.dir/src.c.o -c /home/yiheng/Projects/USV_realtime_map/fiesta/build/CMakeFiles/CMakeScratch/TryCompile-HtrEDG/src.c
Linking C executable cmTC_ee6c5
/home/yiheng/.local/lib/python3.8/site-packages/cmake/data/bin/cmake -E cmake_link_script CMakeFiles/cmTC_ee6c5.dir/link.txt --verbose=1
/usr/bin/cc -rdynamic CMakeFiles/cmTC_ee6c5.dir/src.c.o -o cmTC_ee6c5 
/usr/bin/ld: CMakeFiles/cmTC_ee6c5.dir/src.c.o: in function `main':
src.c:(.text+0x46): undefined reference to `pthread_create'
/usr/bin/ld: src.c:(.text+0x52): undefined reference to `pthread_detach'
/usr/bin/ld: src.c:(.text+0x5e): undefined reference to `pthread_cancel'
/usr/bin/ld: src.c:(.text+0x6f): undefined reference to `pthread_join'
collect2: error: ld returned 1 exit status
make[1]: *** [CMakeFiles/cmTC_ee6c5.dir/build.make:99: cmTC_ee6c5] Error 1
make[1]: Leaving directory '/home/yiheng/Projects/USV_realtime_map/fiesta/build/CMakeFiles/CMakeScratch/TryCompile-HtrEDG'
make: *** [Makefile:127: cmTC_ee6c5/fast] Error 2


Source file was:
#include <pthread.h>

static void* test_func(void* data)
{
  return data;
}

int main(void)
{
  pthread_t thread;
  pthread_create(&thread, NULL, test_func, NULL);
  pthread_detach(thread);
  pthread_cancel(thread);
  pthread_join(thread, NULL);
  pthread_atfork(NULL, NULL, NULL);
  pthread_exit(NULL);

  return 0;
}


Determining if the function pthread_create exists in the pthreads failed with the following output:
Change Dir: /home/yiheng/Projects/USV_realtime_map/fiesta/build/CMakeFiles/CMakeScratch/TryCompile-EAGLpI

Run Build Command(s):/usr/bin/make -f Makefile cmTC_2c373/fast && /usr/bin/make  -f CMakeFiles/cmTC_2c373.dir/build.make CMakeFiles/cmTC_2c373.dir/build
make[1]: Entering directory '/home/yiheng/Projects/USV_realtime_map/fiesta/build/CMakeFiles/CMakeScratch/TryCompile-EAGLpI'
Building C object CMakeFiles/cmTC_2c373.dir/CheckFunctionExists.c.o
/usr/bin/cc   -DCHECK_FUNCTION_EXISTS=pthread_create -o CMakeFiles/cmTC_2c373.dir/CheckFunctionExists.c.o -c /home/yiheng/Projects/USV_realtime_map/fiesta/build/CMakeFiles/CMakeScratch/TryCompile-EAGLpI/CheckFunctionExists.c
Linking C executable cmTC_2c373
/home/yiheng/.local/lib/python3.8/site-packages/cmake/data/bin/cmake -E cmake_link_script CMakeFiles/cmTC_2c373.dir/link.txt --verbose=1
/usr/bin/cc  -DCHECK_FUNCTION_EXISTS=pthread_create -rdynamic CMakeFiles/cmTC_2c373.dir/CheckFunctionExists.c.o -o cmTC_2c373  -lpthreads 
/usr/bin/ld: cannot find -lpthreads
collect2: error: ld returned 1 exit status
make[1]: *** [CMakeFiles/cmTC_2c373.dir/build.make:99: cmTC_2c373] Error 1
make[1]: Leaving directory '/home/yiheng/Projects/USV_realtime_map/fiesta/build/CMakeFiles/CMakeScratch/TryCompile-EAGLpI'
make: *** [Makefile:127: cmTC_2c373/fast] Error 2



